<?xml version="1.0" encoding="UTF-8"?>
<testng-results ignored="0" total="1" passed="1" failed="0" skipped="0">
  <reporter-output>
  </reporter-output>
  <suite started-at="2020-05-20T00:07:08 EDT" name="Default suite" finished-at="2020-05-20T00:07:55 EDT" duration-ms="47255">
    <groups>
    </groups>
    <test started-at="2020-05-20T00:07:08 EDT" name="Default test" finished-at="2020-05-20T00:07:55 EDT" duration-ms="47255">
      <class name="com.bn.qa.testcases.SigninTest">
        <test-method is-config="true" signature="setUp()[pri:0, instance:com.bn.qa.testcases.SigninTest@4445629]" started-at="2020-05-20T00:07:08 EDT" name="setUp" finished-at="2020-05-20T00:07:27 EDT" duration-ms="18921" status="PASS">
          <reporter-output>
          </reporter-output>
        </test-method> <!-- setUp -->
        <test-method signature="loginTest()[pri:5, instance:com.bn.qa.testcases.SigninTest@4445629]" started-at="2020-05-20T00:07:27 EDT" name="loginTest" finished-at="2020-05-20T00:07:54 EDT" duration-ms="26670" status="PASS">
          <reporter-output>
          </reporter-output>
        </test-method> <!-- loginTest -->
        <test-method is-config="true" signature="tearDown()[pri:0, instance:com.bn.qa.testcases.SigninTest@4445629]" started-at="2020-05-20T00:07:54 EDT" name="tearDown" finished-at="2020-05-20T00:07:55 EDT" duration-ms="1575" status="PASS">
          <reporter-output>
          </reporter-output>
        </test-method> <!-- tearDown -->
      </class> <!-- com.bn.qa.testcases.SigninTest -->
    </test> <!-- Default test -->
  </suite> <!-- Default suite -->
</testng-results>
